<?xml version="1.0" encoding="UTF-8"?>
<!-- Generated by org.testng.reporters.JUnitReportReporter -->
<testsuite skipped="0" hostname="admin1-LIVA-Z2V" name="com.bridgelabz.linkedin.testcases.HomePageTest" tests="1" failures="0" timestamp="02 Jan 2020 06:18:02 GMT" time="39.545" errors="0">
  <testcase name="createImagePostTest" time="39.545" classname="com.bridgelabz.linkedin.testcases.HomePageTest"/>
</testsuite> <!-- com.bridgelabz.linkedin.testcases.HomePageTest -->
