<?xml version="1.0" encoding="UTF-8"?>
<!-- Generated by org.testng.reporters.JUnitReportReporter -->
<testsuite skipped="0" hostname="admin1-LIVA-Z2V" name="com.bridgelabz.linkedin.testcases.HomePageTest" tests="3" failures="0" timestamp="06 Jan 2020 12:20:30 GMT" time="105.305" errors="0">
  <testcase name="createImagePostTest" time="28.658" classname="com.bridgelabz.linkedin.testcases.HomePageTest"/>
  <testcase name="createVideoPostTest" time="35.766" classname="com.bridgelabz.linkedin.testcases.HomePageTest"/>
  <testcase name="createDocumentPostTest" time="40.881" classname="com.bridgelabz.linkedin.testcases.HomePageTest"/>
</testsuite> <!-- com.bridgelabz.linkedin.testcases.HomePageTest -->
