<?xml version="1.0" encoding="UTF-8"?>
<!-- Generated by org.testng.reporters.JUnitReportReporter -->
<testsuite skipped="0" hostname="admin1-LIVA-Z2V" name="com.bridgelabz.linkedin.testcases.LoginPageTest" tests="2" failures="0" timestamp="03 Jan 2020 13:13:35 GMT" time="68.215" errors="0">
  <testcase name="loginTest" time="48.178" classname="com.bridgelabz.linkedin.testcases.LoginPageTest"/>
  <testcase name="loginTest" time="20.037" classname="com.bridgelabz.linkedin.testcases.LoginPageTest"/>
</testsuite> <!-- com.bridgelabz.linkedin.testcases.LoginPageTest -->
