<?xml version="1.0" encoding="UTF-8"?>
<!-- Generated by org.testng.reporters.JUnitReportReporter -->
<testsuite skipped="0" hostname="admin1-LIVA-Z2V" name="com.bridgelabz.linkedin.testcases.LoginPageTest" tests="1" failures="0" timestamp="11 Jan 2020 05:47:34 GMT" time="20.227" errors="0">
  <testcase name="loginTest" time="20.227" classname="com.bridgelabz.linkedin.testcases.LoginPageTest"/>
</testsuite> <!-- com.bridgelabz.linkedin.testcases.LoginPageTest -->
