<?xml version="1.0" encoding="UTF-8"?>
<!-- Generated by org.testng.reporters.JUnitReportReporter -->
<testsuite skipped="0" hostname="admin1-LIVA-Z2V" name="com.bridgelabz.linkedin.extentreportlistener.ExtentReportNG" tests="1" failures="0" timestamp="06 Jan 2020 11:11:18 GMT" time="0.688" errors="0">
  <testcase name="test" time="0.688" classname="com.bridgelabz.linkedin.extentreportlistener.ExtentReportNG"/>
</testsuite> <!-- com.bridgelabz.linkedin.extentreportlistener.ExtentReportNG -->
