<?xml version="1.0" encoding="UTF-8"?>
<!-- Generated by org.testng.reporters.JUnitReportReporter -->
<testsuite skipped="0" hostname="admin1-LIVA-Z2V" name="com.bridgelabz.linkedin.testcases.PostArticleTest" tests="1" failures="0" timestamp="03 Jan 2020 09:33:25 GMT" time="78.521" errors="0">
  <testcase name="postArticleTest" time="78.521" classname="com.bridgelabz.linkedin.testcases.PostArticleTest"/>
</testsuite> <!-- com.bridgelabz.linkedin.testcases.PostArticleTest -->
