<?xml version="1.0" encoding="UTF-8"?>
<!-- Generated by org.testng.reporters.JUnitReportReporter -->
<testsuite skipped="0" hostname="admin1-LIVA-Z2V" name="com.bridgelabz.linkedin.testcases.LoginPageTest" tests="1" failures="0" timestamp="30 Dec 2019 12:15:20 GMT" time="11.063" errors="0">
  <testcase name="loginTest" time="11.063" classname="com.bridgelabz.linkedin.testcases.LoginPageTest"/>
</testsuite> <!-- com.bridgelabz.linkedin.testcases.LoginPageTest -->
