<?xml version="1.0" encoding="UTF-8"?>
<!-- Generated by org.testng.reporters.JUnitReportReporter -->
<testsuite skipped="0" hostname="admin1-LIVA-Z2V" name="com.bridgelabz.linkedin.testcases.LoginPageTest" tests="1" failures="0" timestamp="10 Jan 2020 07:22:22 GMT" time="29.231" errors="0">
  <testcase name="loginTest" time="29.231" classname="com.bridgelabz.linkedin.testcases.LoginPageTest"/>
</testsuite> <!-- com.bridgelabz.linkedin.testcases.LoginPageTest -->
