<?xml version="1.0" encoding="UTF-8"?>
<!-- Generated by org.testng.reporters.JUnitReportReporter -->
<testsuite skipped="0" hostname="admin1-LIVA-Z2V" name="com.bridgelabz.linkedin.testcases.JoinNowPageTest" tests="3" failures="0" timestamp="11 Jan 2020 05:47:34 GMT" time="46.921" errors="0">
  <testcase name="privacypolicyTest" time="18.397" classname="com.bridgelabz.linkedin.testcases.JoinNowPageTest"/>
  <testcase name="cookie" time="14.209" classname="com.bridgelabz.linkedin.testcases.JoinNowPageTest"/>
  <testcase name="userAgreementTest" time="14.315" classname="com.bridgelabz.linkedin.testcases.JoinNowPageTest"/>
</testsuite> <!-- com.bridgelabz.linkedin.testcases.JoinNowPageTest -->
