<?xml version="1.0" encoding="UTF-8"?>
<!-- Generated by org.testng.reporters.JUnitReportReporter -->
<testsuite skipped="0" hostname="admin1-LIVA-Z2V" name="com.bridgelabz.linkedin.testcases.JoinNowPageTest" tests="4" failures="0" timestamp="30 Dec 2019 12:08:21 GMT" time="23.663" errors="0">
  <testcase name="joinNowTest" time="5.618" classname="com.bridgelabz.linkedin.testcases.JoinNowPageTest"/>
  <testcase name="privacypolicyTest" time="8.760" classname="com.bridgelabz.linkedin.testcases.JoinNowPageTest"/>
  <testcase name="cookie" time="4.185" classname="com.bridgelabz.linkedin.testcases.JoinNowPageTest"/>
  <testcase name="userAgreementTest" time="5.100" classname="com.bridgelabz.linkedin.testcases.JoinNowPageTest"/>
</testsuite> <!-- com.bridgelabz.linkedin.testcases.JoinNowPageTest -->
