<?xml version="1.0" encoding="UTF-8"?>
<!-- Generated by org.testng.reporters.JUnitReportReporter -->
<testsuite skipped="0" hostname="admin1-LIVA-Z2V" name="com.bridgelabz.linkedin.testcases.SignOutTest" tests="1" failures="0" timestamp="02 Jan 2020 06:01:58 GMT" time="20.985" errors="0">
  <testcase name="signOutTest" time="20.985" classname="com.bridgelabz.linkedin.testcases.SignOutTest"/>
</testsuite> <!-- com.bridgelabz.linkedin.testcases.SignOutTest -->
