<?xml version="1.0" encoding="UTF-8"?>
<!-- Generated by org.testng.reporters.JUnitReportReporter -->
<testsuite skipped="0" hostname="admin1-LIVA-Z2V" name="com.bridgelabz.linkedin.testcases.JoinNowPageTest" tests="4" failures="0" timestamp="07 Jan 2020 06:08:54 GMT" time="63.346" errors="0">
  <testcase name="joinNowTest" time="17.572" classname="com.bridgelabz.linkedin.testcases.JoinNowPageTest"/>
  <testcase name="privacypolicyTest" time="21.686" classname="com.bridgelabz.linkedin.testcases.JoinNowPageTest"/>
  <testcase name="cookie" time="16.889" classname="com.bridgelabz.linkedin.testcases.JoinNowPageTest"/>
  <testcase name="userAgreementTest" time="7.199" classname="com.bridgelabz.linkedin.testcases.JoinNowPageTest"/>
</testsuite> <!-- com.bridgelabz.linkedin.testcases.JoinNowPageTest -->
